2025/08/19 11:30:09.940245 main.go:106: v5.0.3 (#96111646 2025-08-18T21:27:42+0000)
2025/08/19 11:30:09.942436 init.go:180: reading config: config.toml
2025/08/19 11:30:09.943552 init.go:320: connecting to db: localhost:5432/listmonk
2025/08/19 11:30:09.976753 init.go:237: unable to initialize embedded filesystem (no ID found in the file). Using local filesystem
2025/08/19 11:30:09.978829 init.go:259: loading i18n files from: i18n
2025/08/19 11:30:09.978852 init.go:279: loading static files from: static
2025/08/19 11:30:10.145683 init.go:726: media upload provider: filesystem
2025/08/19 11:30:10.146777 init.go:635: initialized email (SMTP) messenger: apikey@smtp.sendgrid.net
⇨ http server started on 127.0.0.1:9000
2025/08/19 11:30:20.215514 manager.go:447: start processing campaign (家居)
2025/08/19 11:30:20.217605 manager.go:297: batch rate limit: sleeping for 1m0s before next batch (range 50s-126s)
2025/08/19 11:31:20.195970 manager.go:447: start processing campaign (imeet1.0)
2025/08/19 11:31:20.716415 pipe.go:84: using random batch size: 4 (range 1-5)
2025/08/19 11:31:20.739922 manager.go:297: batch rate limit: sleeping for 1m9s before next batch (range 50s-126s)
2025/08/19 11:32:30.042365 pipe.go:84: using random batch size: 4 (range 1-5)
2025/08/19 11:32:30.049154 manager.go:297: batch rate limit: sleeping for 1m52s before next batch (range 50s-126s)
2025/08/19 11:32:30.055931 pipe.go:224: stop processing campaign (imeet1.0)
2025/08/19 11:34:21.799431 pipe.go:84: using random batch size: 4 (range 1-5)
2025/08/19 11:34:21.832400 manager.go:297: batch rate limit: sleeping for 1m28s before next batch (range 50s-126s)
2025/08/19 11:35:49.579291 pipe.go:84: using random batch size: 5 (range 1-5)
2025/08/19 11:35:49.603743 manager.go:297: batch rate limit: sleeping for 1m27s before next batch (range 50s-126s)
2025/08/19 11:37:17.069996 pipe.go:84: using random batch size: 3 (range 1-5)
2025/08/19 11:37:17.086628 manager.go:297: batch rate limit: sleeping for 1m58s before next batch (range 50s-126s)
2025/08/19 11:39:14.922869 pipe.go:84: using random batch size: 1 (range 1-5)
2025/08/19 11:39:14.935801 manager.go:297: batch rate limit: sleeping for 58s before next batch (range 50s-126s)
2025/08/19 11:40:13.413897 pipe.go:84: using random batch size: 5 (range 1-5)
2025/08/19 11:40:13.430554 manager.go:297: batch rate limit: sleeping for 1m3s before next batch (range 50s-126s)
2025/08/19 11:41:16.687722 pipe.go:84: using random batch size: 2 (range 1-5)
2025/08/19 11:41:16.714411 manager.go:297: batch rate limit: sleeping for 1m23s before next batch (range 50s-126s)
2025/08/19 11:42:39.430325 pipe.go:84: using random batch size: 3 (range 1-5)
2025/08/19 11:42:39.468239 manager.go:297: batch rate limit: sleeping for 1m31s before next batch (range 50s-126s)
2025/08/19 11:44:10.612078 pipe.go:84: using random batch size: 4 (range 1-5)
2025/08/19 11:44:10.635420 manager.go:297: batch rate limit: sleeping for 57s before next batch (range 50s-126s)
2025/08/19 11:45:07.667390 pipe.go:84: using random batch size: 5 (range 1-5)
2025/08/19 11:45:07.684417 manager.go:297: batch rate limit: sleeping for 1m14s before next batch (range 50s-126s)
2025/08/19 11:46:21.380337 pipe.go:84: using random batch size: 5 (range 1-5)
2025/08/19 11:46:21.395266 manager.go:297: batch rate limit: sleeping for 1m10s before next batch (range 50s-126s)
2025/08/19 11:47:31.537974 pipe.go:84: using random batch size: 2 (range 1-5)
2025/08/19 11:47:31.566926 manager.go:297: batch rate limit: sleeping for 1m27s before next batch (range 50s-126s)
2025/08/19 11:48:58.851426 pipe.go:84: using random batch size: 4 (range 1-5)
2025/08/19 11:48:58.868649 manager.go:297: batch rate limit: sleeping for 1m2s before next batch (range 50s-126s)
2025/08/19 11:50:00.884246 pipe.go:84: using random batch size: 5 (range 1-5)
2025/08/19 11:50:00.897301 manager.go:297: batch rate limit: sleeping for 54s before next batch (range 50s-126s)
2025/08/19 11:50:54.418821 pipe.go:84: using random batch size: 4 (range 1-5)
2025/08/19 11:50:54.434041 manager.go:297: batch rate limit: sleeping for 1m5s before next batch (range 50s-126s)
2025/08/19 11:51:59.134571 pipe.go:84: using random batch size: 2 (range 1-5)
2025/08/19 11:51:59.148509 manager.go:297: batch rate limit: sleeping for 1m30s before next batch (range 50s-126s)
2025/08/19 11:53:29.475662 pipe.go:84: using random batch size: 5 (range 1-5)
2025/08/19 11:53:29.508264 manager.go:297: batch rate limit: sleeping for 51s before next batch (range 50s-126s)
2025/08/19 11:54:20.109628 pipe.go:84: using random batch size: 3 (range 1-5)
2025/08/19 11:54:20.124617 manager.go:297: batch rate limit: sleeping for 1m19s before next batch (range 50s-126s)
2025/08/19 11:55:39.006247 pipe.go:84: using random batch size: 1 (range 1-5)
2025/08/19 11:55:39.023358 manager.go:297: batch rate limit: sleeping for 57s before next batch (range 50s-126s)
2025/08/19 11:56:36.232187 pipe.go:84: using random batch size: 3 (range 1-5)
2025/08/19 11:56:36.252323 manager.go:297: batch rate limit: sleeping for 1m49s before next batch (range 50s-126s)
2025/08/19 11:58:24.793755 pipe.go:84: using random batch size: 5 (range 1-5)
2025/08/19 11:58:24.820509 manager.go:297: batch rate limit: sleeping for 1m39s before next batch (range 50s-126s)
2025/08/19 12:00:04.134453 pipe.go:84: using random batch size: 4 (range 1-5)
2025/08/19 12:00:04.152967 manager.go:297: batch rate limit: sleeping for 1m39s before next batch (range 50s-126s)
2025/08/19 12:01:43.171447 pipe.go:84: using random batch size: 1 (range 1-5)
2025/08/19 12:01:43.192131 manager.go:297: batch rate limit: sleeping for 1m28s before next batch (range 50s-126s)
2025/08/19 12:03:11.477974 pipe.go:84: using random batch size: 1 (range 1-5)
2025/08/19 12:03:11.506481 manager.go:297: batch rate limit: sleeping for 1m25s before next batch (range 50s-126s)
2025/08/19 12:04:36.596458 pipe.go:84: using random batch size: 1 (range 1-5)
2025/08/19 12:04:36.617255 manager.go:297: batch rate limit: sleeping for 1m50s before next batch (range 50s-126s)
2025/08/19 12:06:26.661258 pipe.go:84: using random batch size: 1 (range 1-5)
2025/08/19 12:06:26.675327 manager.go:297: batch rate limit: sleeping for 1m33s before next batch (range 50s-126s)
2025/08/19 12:07:59.431279 pipe.go:84: using random batch size: 1 (range 1-5)
2025/08/19 12:07:59.458052 manager.go:297: batch rate limit: sleeping for 1m56s before next batch (range 50s-126s)
2025/08/19 12:09:55.336389 pipe.go:84: using random batch size: 3 (range 1-5)
2025/08/19 12:09:55.356623 manager.go:297: batch rate limit: sleeping for 2m2s before next batch (range 50s-126s)
2025/08/19 12:11:57.591166 pipe.go:84: using random batch size: 2 (range 1-5)
2025/08/19 12:11:57.609806 manager.go:297: batch rate limit: sleeping for 1m57s before next batch (range 50s-126s)
2025/08/19 12:13:54.941359 pipe.go:84: using random batch size: 4 (range 1-5)
2025/08/19 12:13:54.966956 manager.go:297: batch rate limit: sleeping for 1m34s before next batch (range 50s-126s)
2025/08/19 12:15:28.577178 pipe.go:84: using random batch size: 1 (range 1-5)
2025/08/19 12:15:28.592973 manager.go:297: batch rate limit: sleeping for 2m0s before next batch (range 50s-126s)
2025/08/19 12:17:28.533246 pipe.go:84: using random batch size: 3 (range 1-5)
2025/08/19 12:17:28.548794 manager.go:297: batch rate limit: sleeping for 1m47s before next batch (range 50s-126s)
2025/08/19 12:17:28.549609 manager.go:497: rate limit reached. sleeping for 1m6s (random interval 50s-126s)
2025/08/19 12:19:15.084491 pipe.go:84: using random batch size: 1 (range 1-5)
2025/08/19 12:19:15.114098 manager.go:297: batch rate limit: sleeping for 1m49s before next batch (range 50s-126s)
2025/08/19 12:21:03.816914 pipe.go:84: using random batch size: 1 (range 1-5)
2025/08/19 12:21:03.846690 manager.go:297: batch rate limit: sleeping for 1m16s before next batch (range 50s-126s)
2025/08/19 12:22:20.233404 pipe.go:84: using random batch size: 3 (range 1-5)
2025/08/19 12:22:20.250960 manager.go:297: batch rate limit: sleeping for 1m7s before next batch (range 50s-126s)
2025/08/19 12:22:20.251158 manager.go:497: rate limit reached. sleeping for 1m23s (random interval 50s-126s)
2025/08/19 12:22:20.251336 manager.go:497: rate limit reached. sleeping for 1m23s (random interval 50s-126s)
2025/08/19 12:23:27.522030 pipe.go:84: using random batch size: 4 (range 1-5)
2025/08/19 12:23:27.549403 manager.go:497: rate limit reached. sleeping for 1m34s (random interval 50s-126s)
2025/08/19 12:23:27.549484 manager.go:297: batch rate limit: sleeping for 1m18s before next batch (range 50s-126s)
2025/08/19 12:23:27.549512 manager.go:497: rate limit reached. sleeping for 2m2s (random interval 50s-126s)
2025/08/19 12:23:27.549523 manager.go:497: rate limit reached. sleeping for 1m55s (random interval 50s-126s)
2025/08/19 12:24:45.456075 pipe.go:84: using random batch size: 2 (range 1-5)
2025/08/19 12:24:45.474756 manager.go:297: batch rate limit: sleeping for 2m4s before next batch (range 50s-126s)
2025/08/19 12:24:45.475880 manager.go:497: rate limit reached. sleeping for 1m14s (random interval 50s-126s)
2025/08/19 12:26:49.811432 pipe.go:84: using random batch size: 2 (range 1-5)
2025/08/19 12:26:49.827321 manager.go:297: batch rate limit: sleeping for 1m7s before next batch (range 50s-126s)
2025/08/19 12:26:49.827510 manager.go:497: rate limit reached. sleeping for 51s (random interval 50s-126s)
2025/08/19 12:26:49.827543 manager.go:497: rate limit reached. sleeping for 1m30s (random interval 50s-126s)
2025/08/19 12:27:56.786590 pipe.go:84: using random batch size: 1 (range 1-5)
2025/08/19 12:27:56.847442 manager.go:297: batch rate limit: sleeping for 1m49s before next batch (range 50s-126s)
2025/08/19 12:27:56.847500 manager.go:497: rate limit reached. sleeping for 1m20s (random interval 50s-126s)
2025/08/19 12:29:46.283909 pipe.go:84: using random batch size: 2 (range 1-5)
2025/08/19 12:29:46.302823 manager.go:297: batch rate limit: sleeping for 54s before next batch (range 50s-126s)
2025/08/19 12:30:40.501786 pipe.go:84: using random batch size: 2 (range 1-5)
2025/08/19 12:30:40.514606 manager.go:297: batch rate limit: sleeping for 1m54s before next batch (range 50s-126s)
2025/08/19 12:32:34.428725 pipe.go:84: using random batch size: 2 (range 1-5)
2025/08/19 12:32:34.446381 manager.go:297: batch rate limit: sleeping for 55s before next batch (range 50s-126s)
2025/08/19 12:33:29.217589 pipe.go:84: using random batch size: 3 (range 1-5)
2025/08/19 12:33:29.235540 manager.go:297: batch rate limit: sleeping for 1m18s before next batch (range 50s-126s)
2025/08/19 12:34:47.530170 pipe.go:84: using random batch size: 2 (range 1-5)
2025/08/19 12:34:47.547387 manager.go:297: batch rate limit: sleeping for 1m51s before next batch (range 50s-126s)
2025/08/19 12:36:38.510339 pipe.go:84: using random batch size: 4 (range 1-5)
2025/08/19 12:36:38.545021 manager.go:297: batch rate limit: sleeping for 56s before next batch (range 50s-126s)
2025/08/19 12:37:34.921981 pipe.go:84: using random batch size: 5 (range 1-5)
2025/08/19 12:37:34.936621 manager.go:297: batch rate limit: sleeping for 1m4s before next batch (range 50s-126s)
2025/08/19 12:38:38.848319 pipe.go:84: using random batch size: 3 (range 1-5)
2025/08/19 12:38:38.867024 manager.go:297: batch rate limit: sleeping for 1m54s before next batch (range 50s-126s)
2025/08/19 12:40:33.043399 pipe.go:84: using random batch size: 2 (range 1-5)
2025/08/19 12:40:33.060795 manager.go:297: batch rate limit: sleeping for 56s before next batch (range 50s-126s)
2025/08/19 12:41:29.070391 pipe.go:84: using random batch size: 4 (range 1-5)
2025/08/19 12:41:29.089031 manager.go:297: batch rate limit: sleeping for 50s before next batch (range 50s-126s)
2025/08/19 12:42:19.323283 pipe.go:84: using random batch size: 5 (range 1-5)
2025/08/19 12:42:19.335990 manager.go:297: batch rate limit: sleeping for 1m41s before next batch (range 50s-126s)
2025/08/19 12:44:00.312869 pipe.go:84: using random batch size: 3 (range 1-5)
2025/08/19 12:44:00.331055 manager.go:297: batch rate limit: sleeping for 1m54s before next batch (range 50s-126s)
2025/08/19 12:45:54.507210 pipe.go:84: using random batch size: 1 (range 1-5)
2025/08/19 12:45:54.540624 manager.go:297: batch rate limit: sleeping for 1m34s before next batch (range 50s-126s)
2025/08/19 12:47:28.935348 pipe.go:84: using random batch size: 5 (range 1-5)
2025/08/19 12:47:28.957805 manager.go:297: batch rate limit: sleeping for 55s before next batch (range 50s-126s)
2025/08/19 12:48:24.148209 pipe.go:84: using random batch size: 1 (range 1-5)
2025/08/19 12:48:24.165577 manager.go:297: batch rate limit: sleeping for 1m11s before next batch (range 50s-126s)
2025/08/19 12:49:34.971446 pipe.go:84: using random batch size: 4 (range 1-5)
2025/08/19 12:49:34.984351 manager.go:297: batch rate limit: sleeping for 1m0s before next batch (range 50s-126s)
2025/08/19 12:50:35.419393 pipe.go:84: using random batch size: 5 (range 1-5)
2025/08/19 12:50:35.434195 manager.go:297: batch rate limit: sleeping for 1m35s before next batch (range 50s-126s)
2025/08/19 12:52:10.322635 pipe.go:84: using random batch size: 4 (range 1-5)
2025/08/19 12:52:10.342593 manager.go:297: batch rate limit: sleeping for 1m38s before next batch (range 50s-126s)
2025/08/19 12:53:48.058617 pipe.go:84: using random batch size: 4 (range 1-5)
2025/08/19 12:53:48.072052 manager.go:297: batch rate limit: sleeping for 1m46s before next batch (range 50s-126s)
2025/08/19 12:55:34.213213 pipe.go:84: using random batch size: 2 (range 1-5)
2025/08/19 12:55:34.239086 manager.go:297: batch rate limit: sleeping for 2m2s before next batch (range 50s-126s)
2025/08/19 12:57:36.134145 pipe.go:84: using random batch size: 5 (range 1-5)
2025/08/19 12:57:36.163459 manager.go:297: batch rate limit: sleeping for 1m29s before next batch (range 50s-126s)
2025/08/19 12:59:05.312559 pipe.go:84: using random batch size: 4 (range 1-5)
2025/08/19 12:59:05.331097 manager.go:297: batch rate limit: sleeping for 1m21s before next batch (range 50s-126s)
2025/08/19 13:00:25.869996 pipe.go:84: using random batch size: 4 (range 1-5)
2025/08/19 13:00:25.888322 manager.go:297: batch rate limit: sleeping for 1m53s before next batch (range 50s-126s)
2025/08/19 13:02:18.803690 pipe.go:84: using random batch size: 2 (range 1-5)
2025/08/19 13:02:18.826579 manager.go:297: batch rate limit: sleeping for 57s before next batch (range 50s-126s)
2025/08/19 13:03:16.289139 pipe.go:84: using random batch size: 3 (range 1-5)
2025/08/19 13:03:16.303957 manager.go:297: batch rate limit: sleeping for 1m18s before next batch (range 50s-126s)
2025/08/19 13:04:34.105569 pipe.go:84: using random batch size: 4 (range 1-5)
2025/08/19 13:04:34.123024 manager.go:297: batch rate limit: sleeping for 1m9s before next batch (range 50s-126s)
2025/08/19 13:04:34.123235 manager.go:497: rate limit reached. sleeping for 1m0s (random interval 50s-126s)
2025/08/19 13:05:43.078617 pipe.go:84: using random batch size: 1 (range 1-5)
2025/08/19 13:05:43.094239 manager.go:297: batch rate limit: sleeping for 1m21s before next batch (range 50s-126s)
2025/08/19 13:05:43.094294 manager.go:497: rate limit reached. sleeping for 1m12s (random interval 50s-126s)
2025/08/19 13:07:04.068367 pipe.go:84: using random batch size: 5 (range 1-5)
2025/08/19 13:07:04.089483 manager.go:297: batch rate limit: sleeping for 1m21s before next batch (range 50s-126s)
2025/08/19 13:07:04.090065 manager.go:497: rate limit reached. sleeping for 2m2s (random interval 50s-126s)
2025/08/19 13:08:24.916647 pipe.go:84: using random batch size: 3 (range 1-5)
2025/08/19 13:08:24.938238 manager.go:297: batch rate limit: sleeping for 1m34s before next batch (range 50s-126s)
2025/08/19 13:08:24.938546 manager.go:497: rate limit reached. sleeping for 1m37s (random interval 50s-126s)
2025/08/19 13:08:24.938568 manager.go:497: rate limit reached. sleeping for 1m53s (random interval 50s-126s)
2025/08/19 13:09:58.544026 pipe.go:84: using random batch size: 5 (range 1-5)
2025/08/19 13:09:58.562236 manager.go:297: batch rate limit: sleeping for 1m3s before next batch (range 50s-126s)
2025/08/19 13:09:58.562534 manager.go:497: rate limit reached. sleeping for 2m6s (random interval 50s-126s)
2025/08/19 13:09:58.563583 manager.go:497: rate limit reached. sleeping for 55s (random interval 50s-126s)
2025/08/19 13:09:58.563767 manager.go:497: rate limit reached. sleeping for 1m22s (random interval 50s-126s)
2025/08/19 13:11:01.361907 pipe.go:84: using random batch size: 2 (range 1-5)
2025/08/19 13:11:01.378247 manager.go:297: batch rate limit: sleeping for 1m37s before next batch (range 50s-126s)
2025/08/19 13:11:01.378509 manager.go:497: rate limit reached. sleeping for 1m45s (random interval 50s-126s)
2025/08/19 13:11:01.378560 manager.go:497: rate limit reached. sleeping for 1m57s (random interval 50s-126s)
2025/08/19 13:12:38.825555 pipe.go:84: using random batch size: 3 (range 1-5)
2025/08/19 13:12:38.851175 manager.go:297: batch rate limit: sleeping for 1m15s before next batch (range 50s-126s)
2025/08/19 13:13:54.043649 pipe.go:84: using random batch size: 3 (range 1-5)
2025/08/19 13:13:54.058401 manager.go:297: batch rate limit: sleeping for 1m11s before next batch (range 50s-126s)
2025/08/19 13:15:05.149081 pipe.go:84: using random batch size: 5 (range 1-5)
2025/08/19 13:15:05.167854 manager.go:297: batch rate limit: sleeping for 2m0s before next batch (range 50s-126s)
2025/08/19 13:17:05.503619 pipe.go:84: using random batch size: 5 (range 1-5)
2025/08/19 13:17:05.530736 manager.go:297: batch rate limit: sleeping for 1m29s before next batch (range 50s-126s)
2025/08/19 13:18:34.423744 pipe.go:84: using random batch size: 1 (range 1-5)
2025/08/19 13:18:34.444435 manager.go:297: batch rate limit: sleeping for 54s before next batch (range 50s-126s)
2025/08/19 13:19:28.502856 pipe.go:84: using random batch size: 3 (range 1-5)
2025/08/19 13:19:28.521921 manager.go:297: batch rate limit: sleeping for 1m32s before next batch (range 50s-126s)
2025/08/19 13:21:00.621644 pipe.go:84: using random batch size: 3 (range 1-5)
2025/08/19 13:21:00.644204 manager.go:297: batch rate limit: sleeping for 2m0s before next batch (range 50s-126s)
2025/08/19 13:23:00.948538 pipe.go:84: using random batch size: 2 (range 1-5)
2025/08/19 13:23:00.981049 manager.go:297: batch rate limit: sleeping for 1m31s before next batch (range 50s-126s)
2025/08/19 13:24:32.151031 pipe.go:84: using random batch size: 3 (range 1-5)
2025/08/19 13:24:32.165914 manager.go:297: batch rate limit: sleeping for 1m9s before next batch (range 50s-126s)
2025/08/19 13:25:40.790452 pipe.go:84: using random batch size: 2 (range 1-5)
2025/08/19 13:25:40.813046 manager.go:297: batch rate limit: sleeping for 1m18s before next batch (range 50s-126s)
2025/08/19 13:26:59.062732 pipe.go:84: using random batch size: 1 (range 1-5)
2025/08/19 13:26:59.091332 manager.go:297: batch rate limit: sleeping for 1m57s before next batch (range 50s-126s)
2025/08/19 13:28:56.084826 pipe.go:84: using random batch size: 4 (range 1-5)
2025/08/19 13:28:56.103328 manager.go:297: batch rate limit: sleeping for 1m16s before next batch (range 50s-126s)
2025/08/19 13:30:12.454035 pipe.go:84: using random batch size: 5 (range 1-5)
2025/08/19 13:30:12.471394 manager.go:297: batch rate limit: sleeping for 59s before next batch (range 50s-126s)
2025/08/19 13:31:11.108378 pipe.go:84: using random batch size: 5 (range 1-5)
2025/08/19 13:31:11.127845 manager.go:297: batch rate limit: sleeping for 1m11s before next batch (range 50s-126s)
2025/08/19 13:32:21.855747 pipe.go:84: using random batch size: 4 (range 1-5)
2025/08/19 13:32:21.887361 manager.go:297: batch rate limit: sleeping for 51s before next batch (range 50s-126s)
2025/08/19 13:33:12.528927 pipe.go:84: using random batch size: 1 (range 1-5)
2025/08/19 13:33:12.546638 manager.go:297: batch rate limit: sleeping for 1m3s before next batch (range 50s-126s)
2025/08/19 13:34:15.663220 pipe.go:84: using random batch size: 1 (range 1-5)
2025/08/19 13:34:15.678994 manager.go:297: batch rate limit: sleeping for 1m43s before next batch (range 50s-126s)
2025/08/19 13:35:58.571821 pipe.go:84: using random batch size: 4 (range 1-5)
2025/08/19 13:35:58.585636 manager.go:297: batch rate limit: sleeping for 2m0s before next batch (range 50s-126s)
2025/08/19 13:37:58.322808 pipe.go:84: using random batch size: 2 (range 1-5)
2025/08/19 13:37:58.350520 manager.go:297: batch rate limit: sleeping for 1m3s before next batch (range 50s-126s)
2025/08/19 13:39:01.399167 pipe.go:84: using random batch size: 3 (range 1-5)
2025/08/19 13:39:01.418992 manager.go:297: batch rate limit: sleeping for 1m22s before next batch (range 50s-126s)
2025/08/19 13:40:23.152035 pipe.go:84: using random batch size: 4 (range 1-5)
2025/08/19 13:40:23.169306 manager.go:297: batch rate limit: sleeping for 1m33s before next batch (range 50s-126s)
2025/08/19 13:41:56.345601 pipe.go:84: using random batch size: 5 (range 1-5)
2025/08/19 13:41:56.364249 manager.go:297: batch rate limit: sleeping for 51s before next batch (range 50s-126s)
2025/08/19 13:42:47.216890 pipe.go:84: using random batch size: 3 (range 1-5)
2025/08/19 13:42:47.249532 manager.go:297: batch rate limit: sleeping for 1m5s before next batch (range 50s-126s)
2025/08/19 13:43:52.004485 pipe.go:84: using random batch size: 5 (range 1-5)
2025/08/19 13:43:52.018520 manager.go:297: batch rate limit: sleeping for 1m47s before next batch (range 50s-126s)
2025/08/19 13:45:39.510749 pipe.go:84: using random batch size: 3 (range 1-5)
2025/08/19 13:45:39.528159 manager.go:297: batch rate limit: sleeping for 1m54s before next batch (range 50s-126s)
2025/08/19 13:45:39.529385 manager.go:497: rate limit reached. sleeping for 52s (random interval 50s-126s)
2025/08/19 13:47:33.886332 pipe.go:84: using random batch size: 1 (range 1-5)
2025/08/19 13:47:33.914887 manager.go:297: batch rate limit: sleeping for 1m33s before next batch (range 50s-126s)
2025/08/19 13:49:06.946312 pipe.go:84: using random batch size: 4 (range 1-5)
2025/08/19 13:49:06.969419 manager.go:297: batch rate limit: sleeping for 1m2s before next batch (range 50s-126s)
2025/08/19 13:50:08.944095 pipe.go:84: using random batch size: 5 (range 1-5)
2025/08/19 13:50:08.960218 manager.go:497: rate limit reached. sleeping for 1m17s (random interval 50s-126s)
2025/08/19 13:50:08.960477 manager.go:297: batch rate limit: sleeping for 2m5s before next batch (range 50s-126s)
2025/08/19 13:50:08.960541 manager.go:497: rate limit reached. sleeping for 1m57s (random interval 50s-126s)
2025/08/19 13:52:14.436664 pipe.go:84: using random batch size: 4 (range 1-5)
2025/08/19 13:52:14.453340 manager.go:297: batch rate limit: sleeping for 1m56s before next batch (range 50s-126s)
2025/08/19 13:52:14.453654 manager.go:497: rate limit reached. sleeping for 1m7s (random interval 50s-126s)
2025/08/19 13:52:14.458169 manager.go:497: rate limit reached. sleeping for 1m36s (random interval 50s-126s)
2025/08/19 13:52:14.458419 manager.go:497: rate limit reached. sleeping for 1m58s (random interval 50s-126s)
2025/08/19 13:54:10.406200 pipe.go:84: using random batch size: 5 (range 1-5)
2025/08/19 13:54:10.437219 manager.go:297: batch rate limit: sleeping for 1m51s before next batch (range 50s-126s)
2025/08/19 13:54:10.437608 manager.go:497: rate limit reached. sleeping for 1m23s (random interval 50s-126s)
2025/08/19 13:54:10.437946 manager.go:497: rate limit reached. sleeping for 1m12s (random interval 50s-126s)
2025/08/19 13:56:00.943711 pipe.go:84: using random batch size: 3 (range 1-5)
2025/08/19 13:56:00.964495 manager.go:297: batch rate limit: sleeping for 1m8s before next batch (range 50s-126s)
2025/08/19 13:56:00.965339 manager.go:497: rate limit reached. sleeping for 1m18s (random interval 50s-126s)
2025/08/19 13:57:08.928062 pipe.go:84: using random batch size: 4 (range 1-5)
2025/08/19 13:57:08.945295 manager.go:297: batch rate limit: sleeping for 1m47s before next batch (range 50s-126s)
2025/08/19 13:57:08.945491 manager.go:497: rate limit reached. sleeping for 52s (random interval 50s-126s)
2025/08/19 13:58:56.044183 pipe.go:84: using random batch size: 2 (range 1-5)
2025/08/19 13:58:56.071356 manager.go:297: batch rate limit: sleeping for 1m3s before next batch (range 50s-126s)
2025/08/19 13:59:59.059218 pipe.go:84: using random batch size: 3 (range 1-5)
2025/08/19 13:59:59.079587 manager.go:297: batch rate limit: sleeping for 1m43s before next batch (range 50s-126s)
2025/08/19 14:01:42.287568 pipe.go:84: using random batch size: 2 (range 1-5)
2025/08/19 14:01:42.303467 manager.go:297: batch rate limit: sleeping for 2m1s before next batch (range 50s-126s)
2025/08/19 14:03:42.864016 pipe.go:84: using random batch size: 5 (range 1-5)
2025/08/19 14:03:42.893790 manager.go:297: batch rate limit: sleeping for 1m26s before next batch (range 50s-126s)
2025/08/19 14:05:09.132303 pipe.go:84: using random batch size: 4 (range 1-5)
2025/08/19 14:05:09.147171 manager.go:297: batch rate limit: sleeping for 1m22s before next batch (range 50s-126s)
2025/08/19 14:06:31.432092 pipe.go:84: using random batch size: 1 (range 1-5)
2025/08/19 14:06:31.450803 manager.go:297: batch rate limit: sleeping for 1m56s before next batch (range 50s-126s)
2025/08/19 14:08:27.414745 pipe.go:84: using random batch size: 5 (range 1-5)
2025/08/19 14:08:27.440937 manager.go:297: batch rate limit: sleeping for 1m41s before next batch (range 50s-126s)
2025/08/19 14:10:08.833047 pipe.go:84: using random batch size: 2 (range 1-5)
2025/08/19 14:10:08.851752 manager.go:297: batch rate limit: sleeping for 50s before next batch (range 50s-126s)
2025/08/19 14:10:59.307000 pipe.go:84: using random batch size: 2 (range 1-5)
2025/08/19 14:10:59.321154 manager.go:297: batch rate limit: sleeping for 1m36s before next batch (range 50s-126s)
2025/08/19 14:12:34.870864 pipe.go:84: using random batch size: 4 (range 1-5)
2025/08/19 14:12:34.885655 manager.go:297: batch rate limit: sleeping for 1m39s before next batch (range 50s-126s)
2025/08/19 14:14:13.993803 pipe.go:84: using random batch size: 5 (range 1-5)
2025/08/19 14:14:14.024178 manager.go:297: batch rate limit: sleeping for 1m43s before next batch (range 50s-126s)
2025/08/19 14:15:57.333313 pipe.go:84: using random batch size: 2 (range 1-5)
2025/08/19 14:15:57.345665 manager.go:297: batch rate limit: sleeping for 1m55s before next batch (range 50s-126s)
2025/08/19 14:17:52.655544 pipe.go:84: using random batch size: 3 (range 1-5)
2025/08/19 14:17:52.690987 manager.go:297: batch rate limit: sleeping for 1m53s before next batch (range 50s-126s)
2025/08/19 14:19:45.566236 pipe.go:84: using random batch size: 1 (range 1-5)
2025/08/19 14:19:45.581119 manager.go:297: batch rate limit: sleeping for 55s before next batch (range 50s-126s)
2025/08/19 14:20:40.635384 pipe.go:84: using random batch size: 1 (range 1-5)
2025/08/19 14:20:40.651333 manager.go:297: batch rate limit: sleeping for 1m18s before next batch (range 50s-126s)
2025/08/19 14:21:58.160838 pipe.go:84: using random batch size: 5 (range 1-5)
2025/08/19 14:21:58.178340 manager.go:297: batch rate limit: sleeping for 1m40s before next batch (range 50s-126s)
2025/08/19 14:23:38.053073 pipe.go:84: using random batch size: 3 (range 1-5)
2025/08/19 14:23:38.078492 manager.go:297: batch rate limit: sleeping for 53s before next batch (range 50s-126s)
2025/08/19 14:24:30.893785 pipe.go:84: using random batch size: 1 (range 1-5)
2025/08/19 14:24:30.906199 manager.go:297: batch rate limit: sleeping for 1m26s before next batch (range 50s-126s)
2025/08/19 14:25:56.652488 pipe.go:84: using random batch size: 4 (range 1-5)
2025/08/19 14:25:56.668521 manager.go:297: batch rate limit: sleeping for 1m36s before next batch (range 50s-126s)
2025/08/19 14:27:32.437643 pipe.go:84: using random batch size: 5 (range 1-5)
2025/08/19 14:27:32.449685 manager.go:297: batch rate limit: sleeping for 1m37s before next batch (range 50s-126s)
2025/08/19 14:29:09.260682 pipe.go:84: using random batch size: 4 (range 1-5)
2025/08/19 14:29:09.282343 manager.go:297: batch rate limit: sleeping for 1m31s before next batch (range 50s-126s)
2025/08/19 14:29:09.282651 manager.go:497: rate limit reached. sleeping for 1m26s (random interval 50s-126s)
2025/08/19 14:30:40.093742 pipe.go:84: using random batch size: 1 (range 1-5)
2025/08/19 14:30:40.108784 manager.go:297: batch rate limit: sleeping for 1m15s before next batch (range 50s-126s)
2025/08/19 14:31:55.482217 pipe.go:84: using random batch size: 3 (range 1-5)
2025/08/19 14:31:55.499345 manager.go:297: batch rate limit: sleeping for 1m16s before next batch (range 50s-126s)
2025/08/19 14:33:11.726245 pipe.go:84: using random batch size: 5 (range 1-5)
2025/08/19 14:33:11.751007 manager.go:297: batch rate limit: sleeping for 52s before next batch (range 50s-126s)
2025/08/19 14:34:03.425098 pipe.go:84: using random batch size: 4 (range 1-5)
2025/08/19 14:34:03.439735 manager.go:297: batch rate limit: sleeping for 1m7s before next batch (range 50s-126s)
2025/08/19 14:35:10.056555 pipe.go:84: using random batch size: 5 (range 1-5)
2025/08/19 14:35:10.072689 manager.go:297: batch rate limit: sleeping for 55s before next batch (range 50s-126s)
2025/08/19 14:35:10.072870 manager.go:497: rate limit reached. sleeping for 1m30s (random interval 50s-126s)
2025/08/19 14:35:10.072905 manager.go:497: rate limit reached. sleeping for 1m28s (random interval 50s-126s)
2025/08/19 14:36:04.906541 pipe.go:84: using random batch size: 3 (range 1-5)
2025/08/19 14:36:04.929084 manager.go:297: batch rate limit: sleeping for 1m5s before next batch (range 50s-126s)
2025/08/19 14:36:04.930506 manager.go:497: rate limit reached. sleeping for 1m0s (random interval 50s-126s)
2025/08/19 14:37:09.870370 pipe.go:84: using random batch size: 5 (range 1-5)
2025/08/19 14:37:09.883602 manager.go:297: batch rate limit: sleeping for 1m39s before next batch (range 50s-126s)
2025/08/19 14:37:09.883787 manager.go:497: rate limit reached. sleeping for 1m43s (random interval 50s-126s)
2025/08/19 14:37:09.884875 manager.go:497: rate limit reached. sleeping for 52s (random interval 50s-126s)
2025/08/19 14:38:48.707900 pipe.go:84: using random batch size: 2 (range 1-5)
2025/08/19 14:38:48.721972 manager.go:297: batch rate limit: sleeping for 1m2s before next batch (range 50s-126s)
2025/08/19 14:38:48.721993 manager.go:497: rate limit reached. sleeping for 1m31s (random interval 50s-126s)
2025/08/19 14:38:48.722091 manager.go:497: rate limit reached. sleeping for 50s (random interval 50s-126s)
2025/08/19 14:39:50.921691 pipe.go:84: using random batch size: 4 (range 1-5)
2025/08/19 14:39:50.936450 manager.go:297: batch rate limit: sleeping for 1m46s before next batch (range 50s-126s)
2025/08/19 14:41:36.509014 pipe.go:84: using random batch size: 1 (range 1-5)
2025/08/19 14:41:36.528664 manager.go:297: batch rate limit: sleeping for 1m28s before next batch (range 50s-126s)
2025/08/19 14:41:36.528752 manager.go:497: rate limit reached. sleeping for 1m47s (random interval 50s-126s)
2025/08/19 14:43:04.088562 pipe.go:84: using random batch size: 4 (range 1-5)
2025/08/19 14:43:04.103619 manager.go:497: rate limit reached. sleeping for 1m34s (random interval 50s-126s)
2025/08/19 14:43:04.103785 manager.go:297: batch rate limit: sleeping for 1m39s before next batch (range 50s-126s)
2025/08/19 14:44:42.709282 pipe.go:84: using random batch size: 4 (range 1-5)
2025/08/19 14:44:42.721238 manager.go:297: batch rate limit: sleeping for 1m45s before next batch (range 50s-126s)
2025/08/19 14:46:28.092880 pipe.go:84: using random batch size: 1 (range 1-5)
2025/08/19 14:46:28.113264 manager.go:297: batch rate limit: sleeping for 1m17s before next batch (range 50s-126s)
2025/08/19 14:47:45.116066 pipe.go:84: using random batch size: 1 (range 1-5)
2025/08/19 14:47:45.131265 manager.go:297: batch rate limit: sleeping for 1m10s before next batch (range 50s-126s)
2025/08/19 14:48:54.810474 pipe.go:84: using random batch size: 2 (range 1-5)
2025/08/19 14:48:54.829637 manager.go:297: batch rate limit: sleeping for 2m4s before next batch (range 50s-126s)
2025/08/19 14:50:58.770912 pipe.go:84: using random batch size: 3 (range 1-5)
2025/08/19 14:50:58.800544 manager.go:297: batch rate limit: sleeping for 1m8s before next batch (range 50s-126s)
2025/08/19 14:52:07.098231 pipe.go:84: using random batch size: 4 (range 1-5)
2025/08/19 14:52:07.113377 manager.go:297: batch rate limit: sleeping for 1m8s before next batch (range 50s-126s)
2025/08/19 14:53:14.715963 pipe.go:84: using random batch size: 2 (range 1-5)
2025/08/19 14:53:14.733771 manager.go:297: batch rate limit: sleeping for 1m59s before next batch (range 50s-126s)
2025/08/19 14:55:13.414462 pipe.go:84: using random batch size: 3 (range 1-5)
2025/08/19 14:55:13.431058 manager.go:297: batch rate limit: sleeping for 1m21s before next batch (range 50s-126s)
2025/08/19 14:56:34.364639 pipe.go:84: using random batch size: 5 (range 1-5)
2025/08/19 14:56:34.380016 manager.go:297: batch rate limit: sleeping for 1m4s before next batch (range 50s-126s)
2025/08/19 14:57:38.477625 pipe.go:84: using random batch size: 5 (range 1-5)
2025/08/19 14:57:38.502396 manager.go:297: batch rate limit: sleeping for 1m35s before next batch (range 50s-126s)
2025/08/19 14:59:13.770654 pipe.go:84: using random batch size: 5 (range 1-5)
2025/08/19 14:59:13.783563 manager.go:297: batch rate limit: sleeping for 1m2s before next batch (range 50s-126s)
2025/08/19 15:00:15.614117 pipe.go:84: using random batch size: 3 (range 1-5)
2025/08/19 15:00:15.631491 manager.go:297: batch rate limit: sleeping for 1m43s before next batch (range 50s-126s)
2025/08/19 15:01:58.619007 pipe.go:84: using random batch size: 4 (range 1-5)
2025/08/19 15:01:58.644569 manager.go:297: batch rate limit: sleeping for 1m48s before next batch (range 50s-126s)
2025/08/19 15:03:46.346970 pipe.go:84: using random batch size: 3 (range 1-5)
2025/08/19 15:03:46.362520 manager.go:297: batch rate limit: sleeping for 2m4s before next batch (range 50s-126s)
2025/08/19 15:05:50.202196 pipe.go:84: using random batch size: 4 (range 1-5)
2025/08/19 15:05:50.219486 manager.go:297: batch rate limit: sleeping for 1m57s before next batch (range 50s-126s)
2025/08/19 15:07:47.693818 pipe.go:84: using random batch size: 1 (range 1-5)
2025/08/19 15:07:47.738079 manager.go:297: batch rate limit: sleeping for 1m46s before next batch (range 50s-126s)
2025/08/19 15:09:33.772405 pipe.go:84: using random batch size: 1 (range 1-5)
2025/08/19 15:09:33.784723 manager.go:297: batch rate limit: sleeping for 1m0s before next batch (range 50s-126s)
2025/08/19 15:10:33.647802 pipe.go:84: using random batch size: 5 (range 1-5)
2025/08/19 15:10:33.664286 manager.go:297: batch rate limit: sleeping for 1m1s before next batch (range 50s-126s)
2025/08/19 15:11:34.632924 pipe.go:84: using random batch size: 4 (range 1-5)
2025/08/19 15:11:34.654734 manager.go:297: batch rate limit: sleeping for 2m3s before next batch (range 50s-126s)
2025/08/19 15:13:37.428310 pipe.go:84: using random batch size: 1 (range 1-5)
2025/08/19 15:13:37.453746 manager.go:297: batch rate limit: sleeping for 1m6s before next batch (range 50s-126s)
2025/08/19 15:14:43.873544 pipe.go:84: using random batch size: 5 (range 1-5)
2025/08/19 15:14:43.885648 manager.go:297: batch rate limit: sleeping for 1m11s before next batch (range 50s-126s)
2025/08/19 15:14:43.884797 manager.go:497: rate limit reached. sleeping for 2m3s (random interval 50s-126s)
2025/08/19 15:15:54.923212 pipe.go:84: using random batch size: 1 (range 1-5)
2025/08/19 15:15:54.954485 manager.go:297: batch rate limit: sleeping for 53s before next batch (range 50s-126s)
2025/08/19 15:16:48.304271 pipe.go:84: using random batch size: 3 (range 1-5)
2025/08/19 15:16:48.320387 manager.go:297: batch rate limit: sleeping for 1m1s before next batch (range 50s-126s)
2025/08/19 15:17:49.114275 pipe.go:84: using random batch size: 2 (range 1-5)
2025/08/19 15:17:49.143775 manager.go:297: batch rate limit: sleeping for 1m6s before next batch (range 50s-126s)
2025/08/19 15:18:54.999453 pipe.go:84: using random batch size: 5 (range 1-5)
2025/08/19 15:18:55.030317 manager.go:297: batch rate limit: sleeping for 1m13s before next batch (range 50s-126s)
2025/08/19 15:20:08.375585 pipe.go:84: using random batch size: 1 (range 1-5)
2025/08/19 15:20:08.407341 manager.go:297: batch rate limit: sleeping for 1m1s before next batch (range 50s-126s)
2025/08/19 15:21:09.669078 pipe.go:84: using random batch size: 4 (range 1-5)
2025/08/19 15:21:09.679206 manager.go:297: batch rate limit: sleeping for 1m54s before next batch (range 50s-126s)
2025/08/19 15:21:09.679234 manager.go:497: rate limit reached. sleeping for 1m16s (random interval 50s-126s)
2025/08/19 15:23:03.988313 pipe.go:84: using random batch size: 1 (range 1-5)
2025/08/19 15:23:03.998636 manager.go:297: batch rate limit: sleeping for 1m1s before next batch (range 50s-126s)
2025/08/19 15:24:04.628049 pipe.go:84: using random batch size: 3 (range 1-5)
2025/08/19 15:24:04.648332 manager.go:497: rate limit reached. sleeping for 53s (random interval 50s-126s)
2025/08/19 15:24:04.648493 manager.go:497: rate limit reached. sleeping for 1m5s (random interval 50s-126s)
2025/08/19 15:24:04.648501 manager.go:297: batch rate limit: sleeping for 1m20s before next batch (range 50s-126s)
2025/08/19 15:24:04.648587 manager.go:497: rate limit reached. sleeping for 52s (random interval 50s-126s)
2025/08/19 15:25:24.303722 pipe.go:84: using random batch size: 1 (range 1-5)
2025/08/19 15:25:24.332033 manager.go:297: batch rate limit: sleeping for 1m0s before next batch (range 50s-126s)
2025/08/19 15:26:24.277177 pipe.go:84: using random batch size: 3 (range 1-5)
2025/08/19 15:26:24.297831 manager.go:497: rate limit reached. sleeping for 1m3s (random interval 50s-126s)
2025/08/19 15:26:24.298012 manager.go:297: batch rate limit: sleeping for 1m6s before next batch (range 50s-126s)
2025/08/19 15:26:24.297987 manager.go:497: rate limit reached. sleeping for 2m5s (random interval 50s-126s)
2025/08/19 15:26:24.298052 manager.go:497: rate limit reached. sleeping for 1m15s (random interval 50s-126s)
2025/08/19 15:27:30.328343 pipe.go:84: using random batch size: 1 (range 1-5)
2025/08/19 15:27:30.342078 manager.go:297: batch rate limit: sleeping for 57s before next batch (range 50s-126s)
2025/08/19 15:28:27.765474 pipe.go:84: using random batch size: 1 (range 1-5)
2025/08/19 15:28:27.784928 manager.go:297: batch rate limit: sleeping for 1m51s before next batch (range 50s-126s)
2025/08/19 15:30:19.253843 pipe.go:84: using random batch size: 1 (range 1-5)
2025/08/19 15:30:19.284944 manager.go:297: batch rate limit: sleeping for 2m3s before next batch (range 50s-126s)
2025/08/19 15:32:21.966543 pipe.go:84: using random batch size: 2 (range 1-5)
2025/08/19 15:32:21.980326 manager.go:297: batch rate limit: sleeping for 1m15s before next batch (range 50s-126s)
2025/08/19 15:33:37.007167 pipe.go:84: using random batch size: 4 (range 1-5)
2025/08/19 15:33:37.041205 manager.go:297: batch rate limit: sleeping for 2m0s before next batch (range 50s-126s)
2025/08/19 15:33:37.041211 manager.go:497: rate limit reached. sleeping for 1m54s (random interval 50s-126s)
2025/08/19 15:33:37.041298 manager.go:497: rate limit reached. sleeping for 1m0s (random interval 50s-126s)
2025/08/19 15:35:36.974737 pipe.go:84: using random batch size: 2 (range 1-5)
2025/08/19 15:35:37.059008 manager.go:297: batch rate limit: sleeping for 1m23s before next batch (range 50s-126s)
2025/08/19 15:36:59.749051 pipe.go:84: using random batch size: 4 (range 1-5)
2025/08/19 15:36:59.774208 manager.go:297: batch rate limit: sleeping for 1m8s before next batch (range 50s-126s)
2025/08/19 15:38:07.548394 pipe.go:84: using random batch size: 1 (range 1-5)
2025/08/19 15:38:07.563069 manager.go:297: batch rate limit: sleeping for 1m59s before next batch (range 50s-126s)
2025/08/19 15:40:06.327366 pipe.go:84: using random batch size: 2 (range 1-5)
2025/08/19 15:40:06.351019 manager.go:297: batch rate limit: sleeping for 52s before next batch (range 50s-126s)
2025/08/19 15:40:58.414911 pipe.go:84: using random batch size: 1 (range 1-5)
2025/08/19 15:40:58.435913 manager.go:297: batch rate limit: sleeping for 1m12s before next batch (range 50s-126s)
2025/08/19 15:42:10.703112 pipe.go:84: using random batch size: 3 (range 1-5)
2025/08/19 15:42:10.716254 manager.go:297: batch rate limit: sleeping for 1m25s before next batch (range 50s-126s)
2025/08/19 15:43:35.377849 pipe.go:84: using random batch size: 5 (range 1-5)
2025/08/19 15:43:35.394492 manager.go:297: batch rate limit: sleeping for 2m3s before next batch (range 50s-126s)
2025/08/19 15:45:38.701194 pipe.go:84: using random batch size: 4 (range 1-5)
2025/08/19 15:45:38.731858 manager.go:297: batch rate limit: sleeping for 1m40s before next batch (range 50s-126s)
2025/08/19 15:47:18.614587 pipe.go:84: using random batch size: 4 (range 1-5)
2025/08/19 15:47:18.631263 manager.go:297: batch rate limit: sleeping for 1m57s before next batch (range 50s-126s)
2025/08/19 15:49:15.651493 pipe.go:84: using random batch size: 1 (range 1-5)
2025/08/19 15:49:15.685938 manager.go:297: batch rate limit: sleeping for 1m41s before next batch (range 50s-126s)
2025/08/19 15:50:57.022723 pipe.go:84: using random batch size: 4 (range 1-5)
2025/08/19 15:50:57.030585 manager.go:297: batch rate limit: sleeping for 1m12s before next batch (range 50s-126s)
2025/08/19 15:52:08.695669 pipe.go:84: using random batch size: 5 (range 1-5)
2025/08/19 15:52:08.709798 manager.go:297: batch rate limit: sleeping for 56s before next batch (range 50s-126s)
2025/08/19 15:53:04.405966 pipe.go:84: using random batch size: 3 (range 1-5)
2025/08/19 15:53:04.422974 manager.go:297: batch rate limit: sleeping for 1m31s before next batch (range 50s-126s)
2025/08/19 15:54:35.877491 pipe.go:84: using random batch size: 3 (range 1-5)
2025/08/19 15:54:35.897745 manager.go:297: batch rate limit: sleeping for 1m32s before next batch (range 50s-126s)
2025/08/19 15:56:08.210513 pipe.go:84: using random batch size: 2 (range 1-5)
2025/08/19 15:56:08.223560 manager.go:297: batch rate limit: sleeping for 1m6s before next batch (range 50s-126s)
2025/08/19 15:57:14.492291 pipe.go:84: using random batch size: 3 (range 1-5)
2025/08/19 15:57:14.504172 manager.go:297: batch rate limit: sleeping for 1m13s before next batch (range 50s-126s)
2025/08/19 15:58:27.502657 pipe.go:84: using random batch size: 2 (range 1-5)
2025/08/19 15:58:27.517508 manager.go:297: batch rate limit: sleeping for 1m50s before next batch (range 50s-126s)
2025/08/19 16:00:17.787867 pipe.go:84: using random batch size: 1 (range 1-5)
2025/08/19 16:00:17.806321 manager.go:297: batch rate limit: sleeping for 1m19s before next batch (range 50s-126s)
2025/08/19 16:01:36.744311 pipe.go:84: using random batch size: 3 (range 1-5)
2025/08/19 16:01:36.755565 manager.go:297: batch rate limit: sleeping for 1m26s before next batch (range 50s-126s)
2025/08/19 16:03:02.492268 pipe.go:84: using random batch size: 4 (range 1-5)
2025/08/19 16:03:02.505382 manager.go:297: batch rate limit: sleeping for 1m16s before next batch (range 50s-126s)
2025/08/19 16:04:18.950315 pipe.go:84: using random batch size: 1 (range 1-5)
2025/08/19 16:04:18.961086 manager.go:297: batch rate limit: sleeping for 1m44s before next batch (range 50s-126s)
2025/08/19 16:06:02.591674 pipe.go:84: using random batch size: 3 (range 1-5)
2025/08/19 16:06:02.617004 manager.go:297: batch rate limit: sleeping for 1m1s before next batch (range 50s-126s)
2025/08/19 16:07:03.999636 pipe.go:84: using random batch size: 1 (range 1-5)
2025/08/19 16:07:04.019788 manager.go:297: batch rate limit: sleeping for 55s before next batch (range 50s-126s)
2025/08/19 16:07:58.889658 pipe.go:84: using random batch size: 4 (range 1-5)
2025/08/19 16:07:58.901901 manager.go:297: batch rate limit: sleeping for 1m43s before next batch (range 50s-126s)
2025/08/19 16:07:58.902147 manager.go:497: rate limit reached. sleeping for 1m39s (random interval 50s-126s)
2025/08/19 16:09:41.982274 pipe.go:84: using random batch size: 3 (range 1-5)
2025/08/19 16:09:42.002475 manager.go:297: batch rate limit: sleeping for 1m55s before next batch (range 50s-126s)
2025/08/19 16:11:36.526882 pipe.go:84: using random batch size: 5 (range 1-5)
2025/08/19 16:11:36.544927 manager.go:297: batch rate limit: sleeping for 1m13s before next batch (range 50s-126s)
2025/08/19 16:12:49.855913 pipe.go:84: using random batch size: 1 (range 1-5)
2025/08/19 16:12:49.870290 manager.go:297: batch rate limit: sleeping for 1m51s before next batch (range 50s-126s)
2025/08/19 16:14:40.751381 pipe.go:84: using random batch size: 2 (range 1-5)
2025/08/19 16:14:40.778930 manager.go:297: batch rate limit: sleeping for 1m49s before next batch (range 50s-126s)
2025/08/19 16:16:29.873463 pipe.go:84: using random batch size: 3 (range 1-5)
2025/08/19 16:16:29.885333 manager.go:297: batch rate limit: sleeping for 1m2s before next batch (range 50s-126s)
2025/08/19 16:17:32.129713 pipe.go:84: using random batch size: 1 (range 1-5)
2025/08/19 16:17:32.147143 manager.go:297: batch rate limit: sleeping for 59s before next batch (range 50s-126s)
2025/08/19 16:17:32.147195 manager.go:497: rate limit reached. sleeping for 1m49s (random interval 50s-126s)
2025/08/19 16:18:30.708813 pipe.go:84: using random batch size: 3 (range 1-5)
2025/08/19 16:18:30.725108 manager.go:297: batch rate limit: sleeping for 1m57s before next batch (range 50s-126s)
2025/08/19 16:18:30.725244 manager.go:497: rate limit reached. sleeping for 55s (random interval 50s-126s)
2025/08/19 16:20:28.087388 pipe.go:84: using random batch size: 2 (range 1-5)
2025/08/19 16:20:28.113350 manager.go:297: batch rate limit: sleeping for 1m0s before next batch (range 50s-126s)
2025/08/19 16:20:28.113339 manager.go:497: rate limit reached. sleeping for 1m9s (random interval 50s-126s)
2025/08/19 16:21:28.368062 pipe.go:84: using random batch size: 2 (range 1-5)
2025/08/19 16:21:28.384304 manager.go:297: batch rate limit: sleeping for 1m4s before next batch (range 50s-126s)
2025/08/19 16:21:28.384401 manager.go:497: rate limit reached. sleeping for 1m14s (random interval 50s-126s)
2025/08/19 16:21:28.384277 manager.go:497: rate limit reached. sleeping for 1m37s (random interval 50s-126s)
2025/08/19 16:22:32.755905 pipe.go:84: using random batch size: 1 (range 1-5)
2025/08/19 16:22:32.773545 manager.go:297: batch rate limit: sleeping for 1m14s before next batch (range 50s-126s)
2025/08/19 16:22:32.773809 manager.go:497: rate limit reached. sleeping for 55s (random interval 50s-126s)
2025/08/19 16:23:46.661769 pipe.go:84: using random batch size: 1 (range 1-5)
2025/08/19 16:23:46.676835 manager.go:297: batch rate limit: sleeping for 1m45s before next batch (range 50s-126s)
2025/08/19 16:25:31.207687 pipe.go:84: using random batch size: 4 (range 1-5)
2025/08/19 16:25:31.232983 manager.go:297: batch rate limit: sleeping for 1m10s before next batch (range 50s-126s)
2025/08/19 16:25:31.233224 manager.go:497: rate limit reached. sleeping for 1m42s (random interval 50s-126s)
2025/08/19 16:26:41.130413 pipe.go:84: using random batch size: 1 (range 1-5)
2025/08/19 16:26:41.144601 manager.go:297: batch rate limit: sleeping for 1m15s before next batch (range 50s-126s)
2025/08/19 16:27:56.096610 pipe.go:84: using random batch size: 3 (range 1-5)
2025/08/19 16:27:56.110112 manager.go:297: batch rate limit: sleeping for 1m5s before next batch (range 50s-126s)
2025/08/19 16:29:01.359210 pipe.go:84: using random batch size: 2 (range 1-5)
2025/08/19 16:29:01.375500 manager.go:297: batch rate limit: sleeping for 1m41s before next batch (range 50s-126s)
2025/08/19 16:29:01.375674 manager.go:497: rate limit reached. sleeping for 54s (random interval 50s-126s)
2025/08/19 16:30:42.719278 pipe.go:84: using random batch size: 4 (range 1-5)
2025/08/19 16:30:42.739564 manager.go:297: batch rate limit: sleeping for 2m2s before next batch (range 50s-126s)
2025/08/19 16:30:42.740519 manager.go:497: rate limit reached. sleeping for 1m25s (random interval 50s-126s)
2025/08/19 16:32:44.915805 pipe.go:84: using random batch size: 1 (range 1-5)
2025/08/19 16:32:44.930765 manager.go:297: batch rate limit: sleeping for 1m18s before next batch (range 50s-126s)
2025/08/19 16:34:02.705096 pipe.go:84: using random batch size: 5 (range 1-5)
2025/08/19 16:34:02.720951 manager.go:297: batch rate limit: sleeping for 1m41s before next batch (range 50s-126s)
2025/08/19 16:35:44.196279 pipe.go:84: using random batch size: 5 (range 1-5)
2025/08/19 16:35:44.223048 manager.go:297: batch rate limit: sleeping for 2m5s before next batch (range 50s-126s)
2025/08/19 16:37:48.782875 pipe.go:84: using random batch size: 3 (range 1-5)
2025/08/19 16:37:48.799680 manager.go:297: batch rate limit: sleeping for 1m23s before next batch (range 50s-126s)
2025/08/19 16:39:11.329392 pipe.go:84: using random batch size: 2 (range 1-5)
2025/08/19 16:39:11.347324 manager.go:297: batch rate limit: sleeping for 1m15s before next batch (range 50s-126s)
2025/08/19 16:40:26.282341 pipe.go:84: using random batch size: 2 (range 1-5)
2025/08/19 16:40:26.311437 manager.go:297: batch rate limit: sleeping for 1m2s before next batch (range 50s-126s)
2025/08/19 16:41:28.097848 pipe.go:84: using random batch size: 1 (range 1-5)
2025/08/19 16:41:28.113824 manager.go:297: batch rate limit: sleeping for 2m1s before next batch (range 50s-126s)
2025/08/19 16:43:28.955551 pipe.go:84: using random batch size: 4 (range 1-5)
2025/08/19 16:43:28.974332 manager.go:297: batch rate limit: sleeping for 1m28s before next batch (range 50s-126s)
2025/08/19 16:44:56.989706 pipe.go:84: using random batch size: 2 (range 1-5)
2025/08/19 16:44:57.002355 manager.go:297: batch rate limit: sleeping for 52s before next batch (range 50s-126s)
2025/08/19 16:45:49.332367 pipe.go:84: using random batch size: 2 (range 1-5)
2025/08/19 16:45:49.356862 manager.go:297: batch rate limit: sleeping for 1m27s before next batch (range 50s-126s)
2025/08/19 16:47:16.301851 pipe.go:84: using random batch size: 5 (range 1-5)
2025/08/19 16:47:16.318561 manager.go:297: batch rate limit: sleeping for 2m3s before next batch (range 50s-126s)
2025/08/19 16:49:19.246586 pipe.go:84: using random batch size: 4 (range 1-5)
2025/08/19 16:49:19.263991 manager.go:297: batch rate limit: sleeping for 1m1s before next batch (range 50s-126s)
2025/08/19 16:50:19.847735 pipe.go:84: using random batch size: 1 (range 1-5)
2025/08/19 16:50:19.871025 manager.go:297: batch rate limit: sleeping for 1m20s before next batch (range 50s-126s)
2025/08/19 16:51:39.391741 pipe.go:84: using random batch size: 3 (range 1-5)
2025/08/19 16:51:39.408146 manager.go:297: batch rate limit: sleeping for 51s before next batch (range 50s-126s)
2025/08/19 16:52:30.032126 pipe.go:84: using random batch size: 4 (range 1-5)
2025/08/19 16:52:30.045338 manager.go:297: batch rate limit: sleeping for 52s before next batch (range 50s-126s)
2025/08/19 16:53:21.652402 pipe.go:84: using random batch size: 2 (range 1-5)
2025/08/19 16:53:21.679041 manager.go:297: batch rate limit: sleeping for 59s before next batch (range 50s-126s)
2025/08/19 16:54:20.627169 pipe.go:84: using random batch size: 1 (range 1-5)
2025/08/19 16:54:20.640508 manager.go:297: batch rate limit: sleeping for 1m38s before next batch (range 50s-126s)
2025/08/19 16:55:58.245927 pipe.go:84: using random batch size: 3 (range 1-5)
2025/08/19 16:55:58.276089 manager.go:297: batch rate limit: sleeping for 1m46s before next batch (range 50s-126s)
2025/08/19 16:57:44.556040 pipe.go:84: using random batch size: 3 (range 1-5)
2025/08/19 16:57:44.579547 manager.go:297: batch rate limit: sleeping for 1m0s before next batch (range 50s-126s)
2025/08/19 16:58:44.443926 pipe.go:84: using random batch size: 3 (range 1-5)
2025/08/19 16:58:44.460492 manager.go:297: batch rate limit: sleeping for 2m5s before next batch (range 50s-126s)
2025/08/19 17:00:49.871158 pipe.go:84: using random batch size: 1 (range 1-5)
2025/08/19 17:00:49.895617 manager.go:297: batch rate limit: sleeping for 1m0s before next batch (range 50s-126s)
2025/08/19 17:01:49.590981 pipe.go:84: using random batch size: 1 (range 1-5)
2025/08/19 17:01:49.604732 manager.go:297: batch rate limit: sleeping for 2m4s before next batch (range 50s-126s)
2025/08/19 17:03:53.765136 pipe.go:84: using random batch size: 2 (range 1-5)
2025/08/19 17:03:53.778448 manager.go:297: batch rate limit: sleeping for 1m10s before next batch (range 50s-126s)
2025/08/19 17:05:03.983424 pipe.go:84: using random batch size: 2 (range 1-5)
2025/08/19 17:05:03.997306 manager.go:297: batch rate limit: sleeping for 1m17s before next batch (range 50s-126s)
2025/08/19 17:06:20.723500 pipe.go:84: using random batch size: 1 (range 1-5)
2025/08/19 17:06:20.746250 manager.go:297: batch rate limit: sleeping for 1m27s before next batch (range 50s-126s)
2025/08/19 17:07:47.742213 pipe.go:84: using random batch size: 4 (range 1-5)
2025/08/19 17:07:47.759320 manager.go:297: batch rate limit: sleeping for 1m3s before next batch (range 50s-126s)
2025/08/19 17:07:47.759652 manager.go:497: rate limit reached. sleeping for 1m53s (random interval 50s-126s)
2025/08/19 17:08:50.514351 pipe.go:84: using random batch size: 2 (range 1-5)
2025/08/19 17:08:50.530310 manager.go:297: batch rate limit: sleeping for 1m41s before next batch (range 50s-126s)
2025/08/19 17:10:31.476978 pipe.go:84: using random batch size: 4 (range 1-5)
2025/08/19 17:10:31.548972 manager.go:297: batch rate limit: sleeping for 1m58s before next batch (range 50s-126s)
2025/08/19 17:12:29.645376 pipe.go:84: using random batch size: 2 (range 1-5)
2025/08/19 17:12:29.655005 manager.go:297: batch rate limit: sleeping for 54s before next batch (range 50s-126s)
2025/08/19 17:13:23.221066 pipe.go:84: using random batch size: 5 (range 1-5)
2025/08/19 17:13:23.232889 manager.go:297: batch rate limit: sleeping for 2m4s before next batch (range 50s-126s)
2025/08/19 17:13:23.233013 manager.go:497: rate limit reached. sleeping for 1m14s (random interval 50s-126s)
2025/08/19 17:13:23.233053 manager.go:497: rate limit reached. sleeping for 56s (random interval 50s-126s)
2025/08/19 17:13:23.233140 manager.go:497: rate limit reached. sleeping for 1m49s (random interval 50s-126s)
2025/08/19 17:13:50.187646 manager.go:447: start processing campaign (imeet1.0)
2025/08/19 17:15:27.507100 pipe.go:84: using random batch size: 3 (range 1-5)
2025/08/19 17:15:27.530219 manager.go:497: rate limit reached. sleeping for 1m2s (random interval 50s-126s)
2025/08/19 17:15:27.530270 manager.go:297: batch rate limit: sleeping for 1m1s before next batch (range 50s-126s)
2025/08/19 17:16:28.608383 pipe.go:84: using random batch size: 4 (range 1-5)
2025/08/19 17:16:28.622256 manager.go:305: error processing campaign batch (imeet1.0): error fetching campaign subscribers (imeet1.0): sql: Scan error on column index 4, name "list_id": converting NULL to int is unsupported
2025/08/19 17:16:28.622400 manager.go:297: batch rate limit: sleeping for 1m53s before next batch (range 50s-126s)
2025/08/19 17:18:21.280476 pipe.go:84: using random batch size: 1 (range 1-5)
2025/08/19 17:18:21.303793 manager.go:297: batch rate limit: sleeping for 1m44s before next batch (range 50s-126s)
2025/08/19 17:18:21.303996 manager.go:497: rate limit reached. sleeping for 57s (random interval 50s-126s)
2025/08/19 17:20:05.789346 pipe.go:84: using random batch size: 4 (range 1-5)
2025/08/19 17:20:05.822885 manager.go:497: rate limit reached. sleeping for 1m8s (random interval 50s-126s)
2025/08/19 17:20:05.823032 manager.go:297: batch rate limit: sleeping for 1m51s before next batch (range 50s-126s)
2025/08/19 17:21:56.727330 pipe.go:84: using random batch size: 2 (range 1-5)
2025/08/19 17:21:56.753657 manager.go:297: batch rate limit: sleeping for 1m17s before next batch (range 50s-126s)
2025/08/19 17:23:13.941340 pipe.go:84: using random batch size: 4 (range 1-5)
2025/08/19 17:23:13.952600 manager.go:497: rate limit reached. sleeping for 1m7s (random interval 50s-126s)
2025/08/19 17:23:13.952944 manager.go:497: rate limit reached. sleeping for 1m25s (random interval 50s-126s)
2025/08/19 17:23:13.953020 manager.go:297: batch rate limit: sleeping for 1m6s before next batch (range 50s-126s)
2025/08/19 17:24:19.909763 pipe.go:84: using random batch size: 2 (range 1-5)
2025/08/19 17:24:19.932948 manager.go:297: batch rate limit: sleeping for 1m23s before next batch (range 50s-126s)
2025/08/19 17:24:19.932980 manager.go:497: rate limit reached. sleeping for 1m38s (random interval 50s-126s)
